#
# A fatal error has been detected by the Java Runtime Environment:
#
#  EXCEPTION_ACCESS_VIOLATION (0xc0000005) at pc=0x00000000577a5ec6, pid=10848, tid=0x00000000000027e8
#
# JRE version: OpenJDK Runtime Environment (8.0_152-b02) (build 1.8.0_152-release-1024-b02)
# Java VM: OpenJDK 64-Bit Server VM (25.152-b02 mixed mode windows-amd64 compressed oops)
# Problematic frame:
# V  [jvm.dll+0xe5ec6]
#
# Failed to write core dump. Minidumps are not enabled by default on client versions of Windows
#
# If you would like to submit a bug report, please visit:
#   http://bugreport.java.com/bugreport/crash.jsp
#

---------------  T H R E A D  ---------------

Current thread (0x0000000002513800):  GCTaskThread [stack: 0x00000000125c0000,0x00000000126c0000] [id=10216]

siginfo: ExceptionCode=0xc0000005, reading address 0x00000000da5e7fe0

Registers:
RAX=0x00000000126c0000, RBX=0x00000000da5e7fd8, RCX=0x00000000da5e7fd8, RDX=0x000000000000003b
RSP=0x00000000126bf600, RBP=0x00000000025e5310, RSI=0x00000000a09f6340, RDI=0x00000000da5e7fd8
R8 =0x00000000001d2f3f, R9 =0x0000000000000000, R10=0x000000000000000c, R11=0x0000000000000000
R12=0x00000000a09f63a8, R13=0x0000000000000020, R14=0x00000000a09f6318, R15=0x0000000000000020
RIP=0x00000000577a5ec6, EFLAGS=0x0000000000010202

Top of Stack: (sp=0x00000000126bf600)
0x00000000126bf600:   00000000a09f6318 0000000057a87f68
0x00000000126bf610:   0000000057e84970 0000000000000012
0x00000000126bf620:   00000000da5e7fd8 00000000577d502a
0x00000000126bf630:   00000000000008e5 00000000577af3d6
0x00000000126bf640:   00000000a09f6318 00000000a09f6314
0x00000000126bf650:   00000000025e5310 00000000577d5133
0x00000000126bf660:   0000000000000000 00000000000003d8
0x00000000126bf670:   0000000002514428 00000000025992a0
0x00000000126bf680:   00000000000008e5 0000000057a84030
0x00000000126bf690:   00000000025e5310 0000000002502670
0x00000000126bf6a0:   0000000002514050 0000000002514050
0x00000000126bf6b0:   0000000000000000 0000000000000c00
0x00000000126bf6c0:   0000000000000000 0000000000000000
0x00000000126bf6d0:   0000000000000000 000000001eb17800
0x00000000126bf6e0:   0000000000000001 0000000000000001
0x00000000126bf6f0:   0000e2ba9e9ee912 0000000002514428 

Instructions: (pc=0x00000000577a5ec6)
0x00000000577a5ea6:   cc cc cc cc cc cc cc cc cc cc 48 89 5c 24 08 57
0x00000000577a5eb6:   48 83 ec 20 80 3d 10 4a 6d 00 00 48 8b d9 74 15
0x00000000577a5ec6:   8b 51 08 8b 0d 89 57 67 00 48 d3 e2 48 03 15 77
0x00000000577a5ed6:   57 67 00 eb 04 48 8b 51 08 48 8b cb e8 49 4b fa 


Register to memory mapping:

RAX=0x00000000126c0000 is an unknown value
RBX=0x00000000da5e7fd8 is an unallocated location in the heap
RCX=0x00000000da5e7fd8 is an unallocated location in the heap
RDX=0x000000000000003b is an unknown value
RSP=0x00000000126bf600 is an unknown value
RBP=0x00000000025e5310 is an unknown value
RSI=0x00000000a09f6340 is pointing into object: 0x00000000a09f6318
[Lorg.codehaus.groovy.util.ComplexKeyHashMap$Entry; 
 - klass: 'org/codehaus/groovy/util/ComplexKeyHashMap$Entry'[]
 - length: 32
RDI=0x00000000da5e7fd8 is an unallocated location in the heap
R8 =0x00000000001d2f3f is an unknown value
R9 =0x0000000000000000 is an unknown value
R10=0x000000000000000c is an unknown value
R11=0x0000000000000000 is an unknown value
R12=0x00000000a09f63a8 is an oop
org.codehaus.groovy.util.SingleKeyHashMap$Entry 
 - klass: 'org/codehaus/groovy/util/SingleKeyHashMap$Entry'
R13=0x0000000000000020 is an unknown value
R14=0x00000000a09f6318 is an oop
[Lorg.codehaus.groovy.util.ComplexKeyHashMap$Entry; 
 - klass: 'org/codehaus/groovy/util/ComplexKeyHashMap$Entry'[]
 - length: 32
R15=0x0000000000000020 is an unknown value


Stack: [0x00000000125c0000,0x00000000126c0000],  sp=0x00000000126bf600,  free space=1021k
Native frames: (J=compiled Java code, j=interpreted, Vv=VM code, C=native code)
V  [jvm.dll+0xe5ec6]
V  [jvm.dll+0x11502a]
V  [jvm.dll+0x3c4030]
V  [jvm.dll+0x3c0dc3]
V  [jvm.dll+0x3beb9e]
V  [jvm.dll+0x26d7ea]
C  [msvcr100.dll+0x21d9f]
C  [msvcr100.dll+0x21e3b]
C  [KERNEL32.DLL+0x13d2]
C  [ntdll.dll+0x154f4]


---------------  P R O C E S S  ---------------

Java Threads: ( => current thread )
  0x000000001e71d800 JavaThread "GC Daemon" daemon [_thread_blocked, id=2316, stack(0x0000000027770000,0x0000000027870000)]
  0x000000001e718000 JavaThread "RMI RenewClean-[localhost:17659,org.jetbrains.kotlin.daemon.common.LoopbackNetworkInterface$ClientLoopbackSocketFactory@5f32e49d]" daemon [_thread_blocked, id=10548, stack(0x0000000027670000,0x0000000027770000)]
  0x000000001e71b000 JavaThread "RMI Scheduler(0)" daemon [_thread_blocked, id=804, stack(0x000000001db90000,0x000000001dc90000)]
  0x000000001eb19000 JavaThread "Task worker for ':' Thread 7" [_thread_blocked, id=10972, stack(0x0000000026f70000,0x0000000027070000)]
  0x000000001eb1b800 JavaThread "Task worker for ':' Thread 6" [_thread_blocked, id=5900, stack(0x0000000026e70000,0x0000000026f70000)]
  0x000000001eb19800 JavaThread "Task worker for ':' Thread 5" [_thread_blocked, id=9000, stack(0x0000000026d70000,0x0000000026e70000)]
  0x000000001eb17800 JavaThread "Task worker for ':' Thread 4" [_thread_blocked, id=3988, stack(0x0000000026c70000,0x0000000026d70000)]
  0x000000001eb1a800 JavaThread "Task worker for ':' Thread 3" [_thread_blocked, id=6388, stack(0x0000000026b70000,0x0000000026c70000)]
  0x000000001eb16000 JavaThread "Task worker for ':' Thread 2" [_thread_blocked, id=10060, stack(0x0000000026a70000,0x0000000026b70000)]
  0x000000001e0ff800 JavaThread "Task worker for ':'" [_thread_blocked, id=1892, stack(0x0000000026970000,0x0000000026a70000)]
  0x000000001e102800 JavaThread "Cache worker for Build Output Cleanup Cache (C:\Users\Calan\AndroidStudioProjects\ColorFragment\.gradle\buildOutputCleanup)" [_thread_blocked, id=124, stack(0x0000000023540000,0x0000000023640000)]
  0x000000001e0fe800 JavaThread "Cache worker for task history cache (C:\Users\Calan\AndroidStudioProjects\ColorFragment\.gradle\4.4\taskHistory)" [_thread_blocked, id=6264, stack(0x0000000023230000,0x0000000023330000)]
  0x000000001e101800 JavaThread "Cache worker for file content cache (C:\Users\Calan\AndroidStudioProjects\ColorFragment\.gradle\4.4\fileContent)" [_thread_blocked, id=10104, stack(0x0000000021660000,0x0000000021760000)]
  0x000000001e0fd800 JavaThread "build operations Thread 8" [_thread_blocked, id=7176, stack(0x0000000021560000,0x0000000021660000)]
  0x000000001e101000 JavaThread "build operations Thread 7" [_thread_blocked, id=1332, stack(0x0000000021460000,0x0000000021560000)]
  0x000000001e0fd000 JavaThread "build operations Thread 6" [_thread_blocked, id=7492, stack(0x0000000021360000,0x0000000021460000)]
  0x000000001e100000 JavaThread "build operations Thread 5" [_thread_blocked, id=11748, stack(0x0000000021260000,0x0000000021360000)]
  0x000000001e0f9000 JavaThread "build operations Thread 4" [_thread_blocked, id=11304, stack(0x0000000021160000,0x0000000021260000)]
  0x000000001e0fb800 JavaThread "build operations Thread 3" [_thread_blocked, id=2340, stack(0x0000000020e10000,0x0000000020f10000)]
  0x000000001e0fc000 JavaThread "build operations Thread 2" [_thread_blocked, id=5164, stack(0x0000000020d10000,0x0000000020e10000)]
  0x000000001e0fa800 JavaThread "build operations" [_thread_blocked, id=6028, stack(0x0000000020c10000,0x0000000020d10000)]
  0x000000001e0f8800 JavaThread "Cache worker for Artifact transforms cache (C:\Users\Calan\.gradle\caches\transforms-1)" [_thread_blocked, id=8188, stack(0x0000000020b10000,0x0000000020c10000)]
  0x000000001e0fa000 JavaThread "Cache worker for file hash cache (C:\Users\Calan\AndroidStudioProjects\ColorFragment\.gradle\4.4\fileHashes)" [_thread_blocked, id=11368, stack(0x000000001f1a0000,0x000000001f2a0000)]
  0x000000001e0f6000 JavaThread "Asynchronous log dispatcher for DefaultDaemonConnection: socket connection from /127.0.0.1:60228 to /127.0.0.1:62269" [_thread_blocked, id=3012, stack(0x000000001b5f0000,0x000000001b6f0000)]
  0x000000001e0f4000 JavaThread "Daemon worker Thread 2" [_thread_blocked, id=6632, stack(0x000000001b4f0000,0x000000001b5f0000)]
  0x000000001e0f4800 JavaThread "Cancel handler" [_thread_blocked, id=6784, stack(0x000000001b3f0000,0x000000001b4f0000)]
  0x000000001e0f5800 JavaThread "Handler for socket connection from /127.0.0.1:60228 to /127.0.0.1:62269" [_thread_in_native, id=1636, stack(0x000000001b0f0000,0x000000001b1f0000)]
  0x000000001e0f7000 JavaThread "Daemon Thread 2" [_thread_blocked, id=9212, stack(0x000000001aff0000,0x000000001b0f0000)]
  0x000000001e71a800 JavaThread "Memory manager" [_thread_blocked, id=7192, stack(0x0000000021b60000,0x0000000021c60000)]
  0x000000001e719000 JavaThread "pool-1-thread-1" [_thread_blocked, id=10856, stack(0x000000001b6f0000,0x000000001b7f0000)]
  0x000000001cb61000 JavaThread "File lock request listener" [_thread_in_native, id=8260, stack(0x000000001dcd0000,0x000000001ddd0000)]
  0x000000001c4a3800 JavaThread "Cache worker for file hash cache (C:\Users\Calan\.gradle\caches\4.4\fileHashes)" [_thread_blocked, id=6488, stack(0x000000001da90000,0x000000001db90000)]
  0x000000001a14d800 JavaThread "Daemon periodic checks" [_thread_blocked, id=200, stack(0x000000001aef0000,0x000000001aff0000)]
  0x000000001a14c800 JavaThread "Incoming local TCP Connector on port 60228" [_thread_in_native, id=7788, stack(0x000000001ad00000,0x000000001ae00000)]
  0x000000001832d800 JavaThread "Service Thread" daemon [_thread_blocked, id=5840, stack(0x0000000018e50000,0x0000000018f50000)]
  0x00000000163be800 JavaThread "C1 CompilerThread3" daemon [_thread_blocked, id=9076, stack(0x0000000018d50000,0x0000000018e50000)]
  0x00000000163bd800 JavaThread "C2 CompilerThread2" daemon [_thread_blocked, id=5616, stack(0x0000000018c50000,0x0000000018d50000)]
  0x00000000182a3800 JavaThread "C2 CompilerThread1" daemon [_thread_blocked, id=10220, stack(0x0000000018b50000,0x0000000018c50000)]
  0x000000001829b800 JavaThread "C2 CompilerThread0" daemon [_thread_blocked, id=10552, stack(0x0000000018a50000,0x0000000018b50000)]
  0x000000001829a000 JavaThread "Attach Listener" daemon [_thread_blocked, id=11384, stack(0x0000000018950000,0x0000000018a50000)]
  0x0000000018299800 JavaThread "Signal Dispatcher" daemon [_thread_blocked, id=4644, stack(0x0000000018850000,0x0000000018950000)]
  0x00000000025e9800 JavaThread "Finalizer" daemon [_thread_blocked, id=5824, stack(0x0000000018670000,0x0000000018770000)]
  0x00000000163ab800 JavaThread "Reference Handler" daemon [_thread_blocked, id=9488, stack(0x0000000018170000,0x0000000018270000)]
  0x00000000023cd800 JavaThread "main" [_thread_blocked, id=3560, stack(0x00000000023f0000,0x00000000024f0000)]

Other Threads:
  0x00000000163a5800 VMThread [stack: 0x0000000018070000,0x0000000018170000] [id=11336]
  0x000000001832e000 WatcherThread [stack: 0x0000000018f50000,0x0000000019050000] [id=9508]

=>0x0000000002513800 (exited) GCTaskThread [stack: 0x00000000125c0000,0x00000000126c0000] [id=10216]

VM state:at safepoint (normal execution)

VM Mutex/Monitor currently owned by a thread:  ([mutex/lock_event])
[0x00000000023cd290] Threads_lock - owner thread: 0x00000000163a5800
[0x00000000023cca90] Heap_lock - owner thread: 0x000000001e71d800

Heap:
 PSYoungGen      total 287744K, used 12789K [0x00000000e0000000, 0x00000000f3500000, 0x0000000100000000)
  eden space 261632K, 0% used [0x00000000e0000000,0x00000000e0000000,0x00000000eff80000)
  from space 26112K, 48% used [0x00000000eff80000,0x00000000f0bfd600,0x00000000f1900000)
  to   space 25088K, 0% used [0x00000000f1c80000,0x00000000f1c80000,0x00000000f3500000)
 ParOldGen       total 154624K, used 45441K [0x00000000a0000000, 0x00000000a9700000, 0x00000000e0000000)
  object space 154624K, 29% used [0x00000000a0000000,0x00000000a2c60520,0x00000000a9700000)
 Metaspace       used 72069K, capacity 74883K, committed 75008K, reserved 1114112K
  class space    used 9554K, capacity 10198K, committed 10240K, reserved 1048576K

Card table byte_map: [0x00000000119b0000,0x0000000011cc0000] byte_map_base: 0x00000000114b0000

Marking Bits: (ParMarkBitMap*) 0x0000000057e84970
 Begin Bits: [0x00000000126c0000, 0x0000000013ec0000)
 End Bits:   [0x0000000013ec0000, 0x00000000156c0000)

Polling page: 0x0000000002350000

CodeCache: size=245760Kb used=32811Kb max_used=32887Kb free=212948Kb
 bounds [0x00000000025f0000, 0x0000000004650000, 0x00000000115f0000]
 total_blobs=10707 nmethods=9891 adapters=728
 compilation: enabled

Compilation events (10 events):
Event: 3766.063 Thread 0x00000000163be800 11838       3       java.util.Properties$LineReader::readLine (468 bytes)
Event: 3766.068 Thread 0x00000000163be800 nmethod 11838 0x0000000004640a10 code [0x0000000004640cc0, 0x0000000004642668]
Event: 3766.358 Thread 0x000000001829b800 11839  s    4       java.io.DataOutputStream::write (14 bytes)
Event: 3766.378 Thread 0x00000000163be800 11840       1       java.io.ObjectStreamClass$FieldReflector::getFields (5 bytes)
Event: 3766.379 Thread 0x00000000163be800 nmethod 11840 0x00000000044abf90 code [0x00000000044ac0e0, 0x00000000044ac1f0]
Event: 3766.381 Thread 0x00000000163be800 11841       3       java.lang.NoSuchFieldException::<init> (6 bytes)
Event: 3766.382 Thread 0x000000001829b800 nmethod 11839 0x000000000440dc50 code [0x000000000440ddc0, 0x000000000440e908]
Event: 3766.382 Thread 0x00000000163be800 nmethod 11841 0x00000000044aba50 code [0x00000000044abbc0, 0x00000000044abe08]
Event: 3766.383 Thread 0x00000000182a3800 11842       4       java.lang.reflect.Constructor::getParameterTypes (11 bytes)
Event: 3766.387 Thread 0x00000000182a3800 nmethod 11842 0x0000000002746d10 code [0x0000000002746e60, 0x0000000002746f98]

GC Heap History (10 events):
Event: 102.749 GC heap after
Heap after GC invocations=14 (full 3):
 PSYoungGen      total 185344K, used 0K [0x00000000e0000000, 0x00000000f1580000, 0x0000000100000000)
  eden space 161792K, 0% used [0x00000000e0000000,0x00000000e0000000,0x00000000e9e00000)
  from space 23552K, 0% used [0x00000000e9e00000,0x00000000e9e00000,0x00000000eb500000)
  to   space 26624K, 0% used [0x00000000efb80000,0x00000000efb80000,0x00000000f1580000)
 ParOldGen       total 154624K, used 45417K [0x00000000a0000000, 0x00000000a9700000, 0x00000000e0000000)
  object space 154624K, 29% used [0x00000000a0000000,0x00000000a2c5a520,0x00000000a9700000)
 Metaspace       used 57049K, capacity 58904K, committed 59028K, reserved 1099776K
  class space    used 7849K, capacity 8354K, committed 8448K, reserved 1048576K
}
Event: 121.928 GC heap before
{Heap before GC invocations=15 (full 3):
 PSYoungGen      total 185344K, used 161792K [0x00000000e0000000, 0x00000000f1580000, 0x0000000100000000)
  eden space 161792K, 100% used [0x00000000e0000000,0x00000000e9e00000,0x00000000e9e00000)
  from space 23552K, 0% used [0x00000000e9e00000,0x00000000e9e00000,0x00000000eb500000)
  to   space 26624K, 0% used [0x00000000efb80000,0x00000000efb80000,0x00000000f1580000)
 ParOldGen       total 154624K, used 45417K [0x00000000a0000000, 0x00000000a9700000, 0x00000000e0000000)
  object space 154624K, 29% used [0x00000000a0000000,0x00000000a2c5a520,0x00000000a9700000)
 Metaspace       used 65653K, capacity 68161K, committed 68352K, reserved 1107968K
  class space    used 8832K, capacity 9438K, committed 9472K, reserved 1048576K
Event: 121.990 GC heap after
Heap after GC invocations=15 (full 3):
 PSYoungGen      total 224256K, used 15165K [0x00000000e0000000, 0x00000000f0a80000, 0x0000000100000000)
  eden space 208896K, 0% used [0x00000000e0000000,0x00000000e0000000,0x00000000ecc00000)
  from space 15360K, 98% used [0x00000000efb80000,0x00000000f0a4f4c8,0x00000000f0a80000)
  to   space 26624K, 0% used [0x00000000ed680000,0x00000000ed680000,0x00000000ef080000)
 ParOldGen       total 154624K, used 45425K [0x00000000a0000000, 0x00000000a9700000, 0x00000000e0000000)
  object space 154624K, 29% used [0x00000000a0000000,0x00000000a2c5c520,0x00000000a9700000)
 Metaspace       used 65653K, capacity 68161K, committed 68352K, reserved 1107968K
  class space    used 8832K, capacity 9438K, committed 9472K, reserved 1048576K
}
Event: 3709.964 GC heap before
{Heap before GC invocations=16 (full 3):
 PSYoungGen      total 224256K, used 224061K [0x00000000e0000000, 0x00000000f0a80000, 0x0000000100000000)
  eden space 208896K, 100% used [0x00000000e0000000,0x00000000ecc00000,0x00000000ecc00000)
  from space 15360K, 98% used [0x00000000efb80000,0x00000000f0a4f4c8,0x00000000f0a80000)
  to   space 26624K, 0% used [0x00000000ed680000,0x00000000ed680000,0x00000000ef080000)
 ParOldGen       total 154624K, used 45425K [0x00000000a0000000, 0x00000000a9700000, 0x00000000e0000000)
  object space 154624K, 29% used [0x00000000a0000000,0x00000000a2c5c520,0x00000000a9700000)
 Metaspace       used 68724K, capacity 71417K, committed 71552K, reserved 1112064K
  class space    used 9131K, capacity 9772K, committed 9856K, reserved 1048576K
Event: 3709.985 GC heap after
Heap after GC invocations=16 (full 3):
 PSYoungGen      total 246272K, used 18071K [0x00000000e0000000, 0x00000000f3380000, 0x0000000100000000)
  eden space 219648K, 0% used [0x00000000e0000000,0x00000000e0000000,0x00000000ed680000)
  from space 26624K, 67% used [0x00000000ed680000,0x00000000ee825fe0,0x00000000ef080000)
  to   space 27136K, 0% used [0x00000000f1900000,0x00000000f1900000,0x00000000f3380000)
 ParOldGen       total 154624K, used 45433K [0x00000000a0000000, 0x00000000a9700000, 0x00000000e0000000)
  object space 154624K, 29% used [0x00000000a0000000,0x00000000a2c5e520,0x00000000a9700000)
 Metaspace       used 68724K, capacity 71417K, committed 71552K, reserved 1112064K
  class space    used 9131K, capacity 9772K, committed 9856K, reserved 1048576K
}
Event: 3749.369 GC heap before
{Heap before GC invocations=17 (full 3):
 PSYoungGen      total 246272K, used 237719K [0x00000000e0000000, 0x00000000f3380000, 0x0000000100000000)
  eden space 219648K, 100% used [0x00000000e0000000,0x00000000ed680000,0x00000000ed680000)
  from space 26624K, 67% used [0x00000000ed680000,0x00000000ee825fe0,0x00000000ef080000)
  to   space 27136K, 0% used [0x00000000f1900000,0x00000000f1900000,0x00000000f3380000)
 ParOldGen       total 154624K, used 45433K [0x00000000a0000000, 0x00000000a9700000, 0x00000000e0000000)
  object space 154624K, 29% used [0x00000000a0000000,0x00000000a2c5e520,0x00000000a9700000)
 Metaspace       used 70449K, capacity 73179K, committed 73472K, reserved 1112064K
  class space    used 9314K, capacity 9935K, committed 9984K, reserved 1048576K
Event: 3749.420 GC heap after
Heap after GC invocations=17 (full 3):
 PSYoungGen      total 288768K, used 14631K [0x00000000e0000000, 0x00000000f3700000, 0x0000000100000000)
  eden space 261632K, 0% used [0x00000000e0000000,0x00000000e0000000,0x00000000eff80000)
  from space 27136K, 53% used [0x00000000f1900000,0x00000000f2749cc8,0x00000000f3380000)
  to   space 26112K, 0% used [0x00000000eff80000,0x00000000eff80000,0x00000000f1900000)
 ParOldGen       total 154624K, used 45441K [0x00000000a0000000, 0x00000000a9700000, 0x00000000e0000000)
  object space 154624K, 29% used [0x00000000a0000000,0x00000000a2c60520,0x00000000a9700000)
 Metaspace       used 70449K, capacity 73179K, committed 73472K, reserved 1112064K
  class space    used 9314K, capacity 9935K, committed 9984K, reserved 1048576K
}
Event: 3766.440 GC heap before
{Heap before GC invocations=18 (full 3):
 PSYoungGen      total 288768K, used 109375K [0x00000000e0000000, 0x00000000f3700000, 0x0000000100000000)
  eden space 261632K, 36% used [0x00000000e0000000,0x00000000e5c85fd8,0x00000000eff80000)
  from space 27136K, 53% used [0x00000000f1900000,0x00000000f2749cc8,0x00000000f3380000)
  to   space 26112K, 0% used [0x00000000eff80000,0x00000000eff80000,0x00000000f1900000)
 ParOldGen       total 154624K, used 45441K [0x00000000a0000000, 0x00000000a9700000, 0x00000000e0000000)
  object space 154624K, 29% used [0x00000000a0000000,0x00000000a2c60520,0x00000000a9700000)
 Metaspace       used 72069K, capacity 74883K, committed 75008K, reserved 1114112K
  class space    used 9554K, capacity 10198K, committed 10240K, reserved 1048576K
Event: 3766.476 GC heap after
Heap after GC invocations=18 (full 3):
 PSYoungGen      total 287744K, used 12789K [0x00000000e0000000, 0x00000000f3500000, 0x0000000100000000)
  eden space 261632K, 0% used [0x00000000e0000000,0x00000000e0000000,0x00000000eff80000)
  from space 26112K, 48% used [0x00000000eff80000,0x00000000f0bfd600,0x00000000f1900000)
  to   space 25088K, 0% used [0x00000000f1c80000,0x00000000f1c80000,0x00000000f3500000)
 ParOldGen       total 154624K, used 45441K [0x00000000a0000000, 0x00000000a9700000, 0x00000000e0000000)
  object space 154624K, 29% used [0x00000000a0000000,0x00000000a2c60520,0x00000000a9700000)
 Metaspace       used 72069K, capacity 74883K, committed 75008K, reserved 1114112K
  class space    used 9554K, capacity 10198K, committed 10240K, reserved 1048576K
}
Event: 3766.476 GC heap before
{Heap before GC invocations=19 (full 4):
 PSYoungGen      total 287744K, used 12789K [0x00000000e0000000, 0x00000000f3500000, 0x0000000100000000)
  eden space 261632K, 0% used [0x00000000e0000000,0x00000000e0000000,0x00000000eff80000)
  from space 26112K, 48% used [0x00000000eff80000,0x00000000f0bfd600,0x00000000f1900000)
  to   space 25088K, 0% used [0x00000000f1c80000,0x00000000f1c80000,0x00000000f3500000)
 ParOldGen       total 154624K, used 45441K [0x00000000a0000000, 0x00000000a9700000, 0x00000000e0000000)
  object space 154624K, 29% used [0x00000000a0000000,0x00000000a2c60520,0x00000000a9700000)
 Metaspace       used 72069K, capacity 74883K, committed 75008K, reserved 1114112K
  class space    used 9554K, capacity 10198K, committed 10240K, reserved 1048576K

Deoptimization events (10 events):
Event: 3765.918 Thread 0x000000001eb17800 Uncommon trap: reason=array_check action=maybe_recompile pc=0x00000000040ed698 method=java.util.ComparableTimSort.binarySort([Ljava/lang/Object;III)V @ 193
Event: 3766.062 Thread 0x000000001eb17800 Uncommon trap: reason=unstable_if action=reinterpret pc=0x0000000003eb6eac method=java.util.Properties$LineReader.readLine()I @ 174
Event: 3766.072 Thread 0x000000001eb17800 Uncommon trap: reason=class_check action=maybe_recompile pc=0x0000000002b3cb98 method=java.io.DataOutputStream.write(I)V @ 5
Event: 3766.072 Thread 0x000000001eb17800 Uncommon trap: reason=class_check action=maybe_recompile pc=0x0000000002b3cb98 method=java.io.DataOutputStream.write(I)V @ 5
Event: 3766.072 Thread 0x000000001eb17800 Uncommon trap: reason=class_check action=maybe_recompile pc=0x0000000002b3cb98 method=java.io.DataOutputStream.write(I)V @ 5
Event: 3766.072 Thread 0x000000001eb17800 Uncommon trap: reason=class_check action=maybe_recompile pc=0x0000000002b3cb98 method=java.io.DataOutputStream.write(I)V @ 5
Event: 3766.204 Thread 0x000000001eb17800 Uncommon trap: reason=bimorphic action=maybe_recompile pc=0x00000000041edd9c method=java.io.ObjectOutputStream.writeObject0(Ljava/lang/Object;Z)V @ 240
Event: 3766.360 Thread 0x000000001eb17800 Uncommon trap: reason=unstable_if action=reinterpret pc=0x0000000003d31a88 method=java.lang.ref.SoftReference.get()Ljava/lang/Object; @ 6
Event: 3766.360 Thread 0x000000001eb17800 Uncommon trap: reason=unstable_if action=reinterpret pc=0x00000000028a0e88 method=java.lang.ref.SoftReference.get()Ljava/lang/Object; @ 6
Event: 3766.362 Thread 0x000000001eb17800 Uncommon trap: reason=unstable_if action=reinterpret pc=0x0000000002b7f7f4 method=java.lang.ref.SoftReference.get()Ljava/lang/Object; @ 6

Classes redefined (0 events):
No events

Internal exceptions (10 events):
Event: 3721.891 Thread 0x000000001eb17800 Implicit null exception at 0x0000000004448122 to 0x0000000004445f2d
Event: 3721.891 Thread 0x000000001eb17800 Implicit null exception at 0x0000000004448122 to 0x0000000004445f2d
Event: 3721.923 Thread 0x000000001eb17800 Implicit null exception at 0x0000000004448122 to 0x0000000004445f2d
Event: 3722.124 Thread 0x000000001eb17800 Implicit null exception at 0x0000000002b621ae to 0x0000000002b6277d
Event: 3742.203 Thread 0x000000001eb17800 Exception <a 'java/lang/NoSuchMethodError': java.lang.Object.lambda$comparingInt$7b0bb60$1(Ljava/util/function/ToIntFunction;Ljava/lang/Object;Ljava/lang/Object;)I> (0x00000000e5f91d78) thrown at [D:\src\AOSP-openjdk-cygwin\jdk8u\hotspot\src\share\vm\inte
Event: 3752.573 Thread 0x000000001eb17800 Implicit null exception at 0x000000000352820f to 0x0000000003528659
Event: 3752.711 Thread 0x000000001eb17800 Implicit null exception at 0x000000000332f216 to 0x0000000003336411
Event: 3765.912 Thread 0x000000001eb17800 JVM_StopThread thread JavaThread 0x000000001e71b000 as oop 0x00000000e5a84ac8 [exception 0x0000000026d6ca28]
Event: 3766.360 Thread 0x000000001eb17800 Implicit null exception at 0x00000000028a0a00 to 0x00000000028a0e6d
Event: 3766.382 Thread 0x000000001eb17800 Exception <a 'java/lang/NoSuchMethodError': <clinit>> (0x00000000e5bc25a8) thrown at [D:\src\AOSP-openjdk-cygwin\jdk8u\hotspot\src\share\vm\prims\jni.cpp, line 1613]

Events (10 events):
Event: 3766.438 loading class sun/misc/GC$Daemon$1
Event: 3766.438 loading class sun/misc/GC$Daemon$1 done
Event: 3766.438 Thread 0x000000001e71d800 Thread added: 0x000000001e71d800
Event: 3766.439 Executing VM operation: RevokeBias
Event: 3766.439 Executing VM operation: RevokeBias done
Event: 3766.439 loading class sun/rmi/transport/DGCClient$EndpointEntry$RefEntry
Event: 3766.439 Executing VM operation: RevokeBias
Event: 3766.440 Executing VM operation: RevokeBias done
Event: 3766.440 Executing VM operation: ParallelGCSystemGC
Event: 3766.440 loading class sun/rmi/transport/DGCClient$EndpointEntry$RefEntry done


Dynamic libraries:
0x00007ff6eec40000 - 0x00007ff6eec71000 	C:\Program Files\Android\Android Studio\jre\bin\java.exe
0x00007ff88e680000 - 0x00007ff88e82d000 	C:\WINDOWS\SYSTEM32\ntdll.dll
0x00007ff88de40000 - 0x00007ff88df7e000 	C:\WINDOWS\system32\KERNEL32.DLL
0x00007ff88b880000 - 0x00007ff88b996000 	C:\WINDOWS\system32\KERNELBASE.dll
0x00007ff88e260000 - 0x00007ff88e30a000 	C:\WINDOWS\system32\ADVAPI32.dll
0x00007ff88c380000 - 0x00007ff88c4f7000 	C:\WINDOWS\system32\USER32.dll
0x00007ff889b40000 - 0x00007ff889dbb000 	C:\WINDOWS\WinSxS\amd64_microsoft.windows.common-controls_6595b64144ccf1df_6.0.9600.18006_none_623f33d3ecbe86e8\COMCTL32.dll
0x00007ff88c2d0000 - 0x00007ff88c37a000 	C:\WINDOWS\system32\msvcrt.dll
0x00007ff88dc30000 - 0x00007ff88dc89000 	C:\WINDOWS\SYSTEM32\sechost.dll
0x00007ff88daf0000 - 0x00007ff88dc30000 	C:\WINDOWS\system32\RPCRT4.dll
0x00007ff88e500000 - 0x00007ff88e64b000 	C:\WINDOWS\system32\GDI32.dll
0x00007ff88bb80000 - 0x00007ff88bbae000 	C:\WINDOWS\system32\SspiCli.dll
0x00007ff88c160000 - 0x00007ff88c196000 	C:\WINDOWS\system32\IMM32.DLL
0x00007ff88bd10000 - 0x00007ff88be61000 	C:\WINDOWS\system32\MSCTF.dll
0x00000000575e0000 - 0x00000000576b2000 	C:\Program Files\Android\Android Studio\jre\jre\bin\msvcr100.dll
0x00000000576c0000 - 0x0000000057eff000 	C:\Program Files\Android\Android Studio\jre\jre\bin\server\jvm.dll
0x00007ff8845d0000 - 0x00007ff8845d9000 	C:\WINDOWS\SYSTEM32\WSOCK32.dll
0x00007ff883ae0000 - 0x00007ff883b02000 	C:\WINDOWS\SYSTEM32\WINMM.dll
0x00007ff8845e0000 - 0x00007ff8845ea000 	C:\WINDOWS\SYSTEM32\VERSION.dll
0x00007ff88e670000 - 0x00007ff88e677000 	C:\WINDOWS\system32\PSAPI.DLL
0x00007ff88e200000 - 0x00007ff88e25a000 	C:\WINDOWS\system32\WS2_32.dll
0x00007ff883ab0000 - 0x00007ff883ada000 	C:\WINDOWS\SYSTEM32\WINMMBASE.dll
0x00007ff88dc90000 - 0x00007ff88dc99000 	C:\WINDOWS\system32\NSI.dll
0x00007ff88bc10000 - 0x00007ff88bc5f000 	C:\WINDOWS\SYSTEM32\cfgmgr32.dll
0x00007ff88a580000 - 0x00007ff88a5a8000 	C:\WINDOWS\SYSTEM32\DEVOBJ.dll
0x00007ff87f220000 - 0x00007ff87f22f000 	C:\Program Files\Android\Android Studio\jre\jre\bin\verify.dll
0x00007ff87f1d0000 - 0x00007ff87f1f9000 	C:\Program Files\Android\Android Studio\jre\jre\bin\java.dll
0x00007ff87f1b0000 - 0x00007ff87f1c6000 	C:\Program Files\Android\Android Studio\jre\jre\bin\zip.dll
0x00007ff88c5c0000 - 0x00007ff88daec000 	C:\WINDOWS\system32\SHELL32.dll
0x00007ff88bf40000 - 0x00007ff88c152000 	C:\WINDOWS\SYSTEM32\combase.dll
0x00007ff88df80000 - 0x00007ff88dfd4000 	C:\WINDOWS\system32\SHLWAPI.dll
0x00007ff889fc0000 - 0x00007ff88a072000 	C:\WINDOWS\SYSTEM32\SHCORE.dll
0x00007ff88b7b0000 - 0x00007ff88b7c5000 	C:\WINDOWS\SYSTEM32\profapi.dll
0x00007ff87f140000 - 0x00007ff87f15a000 	C:\Program Files\Android\Android Studio\jre\jre\bin\net.dll
0x00007ff88b000000 - 0x00007ff88b059000 	C:\WINDOWS\system32\mswsock.dll
0x00007ff87f070000 - 0x00007ff87f081000 	C:\Program Files\Android\Android Studio\jre\jre\bin\nio.dll
0x00007ff87d380000 - 0x00007ff87d39e000 	C:\Users\Calan\.gradle\native\25\windows-amd64\native-platform.dll
0x00007ff87f3e0000 - 0x00007ff87f3ed000 	C:\Program Files\Android\Android Studio\jre\jre\bin\management.dll
0x00007ff88b060000 - 0x00007ff88b080000 	C:\WINDOWS\SYSTEM32\CRYPTSP.dll
0x00007ff88ac60000 - 0x00007ff88ac96000 	C:\WINDOWS\system32\rsaenh.dll
0x00007ff88b2e0000 - 0x00007ff88b306000 	C:\WINDOWS\SYSTEM32\bcrypt.dll
0x00007ff88ad90000 - 0x00007ff88adb1000 	C:\WINDOWS\SYSTEM32\USERENV.dll
0x00007ff88b610000 - 0x00007ff88b673000 	C:\WINDOWS\system32\bcryptprimitives.dll
0x00007ff88b680000 - 0x00007ff88b68b000 	C:\WINDOWS\SYSTEM32\CRYPTBASE.dll
0x00007ff885ed0000 - 0x00007ff885efa000 	C:\WINDOWS\SYSTEM32\IPHLPAPI.DLL
0x00007ff885ec0000 - 0x00007ff885eca000 	C:\WINDOWS\SYSTEM32\WINNSI.DLL
0x00007ff885340000 - 0x00007ff885356000 	C:\WINDOWS\SYSTEM32\dhcpcsvc6.DLL
0x00007ff8857b0000 - 0x00007ff8857ca000 	C:\WINDOWS\SYSTEM32\dhcpcsvc.DLL
0x00007ff87f3b0000 - 0x00007ff87f3ce000 	C:\Users\Calan\AppData\Local\Temp\native-platform1538799912189776384dir\native-platform.dll
0x00007ff886bd0000 - 0x00007ff886d59000 	C:\WINDOWS\SYSTEM32\dbghelp.dll

VM Arguments:
jvm_args: -Xmx1536m -Dfile.encoding=windows-1252 -Duser.country=US -Duser.language=en -Duser.variant 
java_command: org.gradle.launcher.daemon.bootstrap.GradleDaemon 4.4
java_class_path (initial): C:\Users\Calan\.gradle\wrapper\dists\gradle-4.4-all\9br9xq1tocpiv8o6njlyu5op1\gradle-4.4\lib\gradle-launcher-4.4.jar
Launcher Type: SUN_STANDARD

Environment Variables:
PATH=C:\ProgramData\Oracle\Java\javapath;C:\Program Files (x86)\Razer Chroma SDK\bin;C:\Program Files\Razer Chroma SDK\bin;C:\Program Files (x86)\NVIDIA Corporation\PhysX\Common;C:\Program Files (x86)\Intel\iCLS Client\;C:\Program Files\Intel\iCLS Client\;C:\WINDOWS\system32;C:\WINDOWS;C:\WINDOWS\System32\Wbem;C:\WINDOWS\System32\WindowsPowerShell\v1.0\;C:\Program Files (x86)\Windows Live\Shared;C:\Program Files\Intel\Intel(R) Management Engine Components\DAL;C:\Program Files\Intel\Intel(R) Management Engine Components\IPT;C:\Program Files (x86)\Intel\Intel(R) Management Engine Components\DAL;C:\Program Files (x86)\Intel\Intel(R) Management Engine Components\IPT;C:\Program Files (x86)\Intel\OpenCL SDK\3.0\bin\x86;C:\Program Files (x86)\Intel\OpenCL SDK\3.0\bin\x64;C:\Program Files (x86)\QuickTime\QTSystem\
USERNAME=Calan
OS=Windows_NT
PROCESSOR_IDENTIFIER=Intel64 Family 6 Model 60 Stepping 3, GenuineIntel



---------------  S Y S T E M  ---------------

OS: Windows 8.1 , 64 bit Build 9600 (6.3.9600.17415)

CPU:total 8 (initial active 8) (4 cores per cpu, 2 threads per core) family 6 model 60 stepping 3, cmov, cx8, fxsr, mmx, sse, sse2, sse3, ssse3, sse4.1, sse4.2, popcnt, avx, avx2, aes, clmul, erms, lzcnt, ht, tsc, tscinvbit, bmi1, bmi2

Memory: 4k page, physical 8269528k(934048k free), swap 13785256k(3818380k free)

vm_info: OpenJDK 64-Bit Server VM (25.152-b02) for windows-amd64 JRE (1.8.0_152-release-1024-b02), built by "builder" with MS VC++ 10.0 (VS2010)

time: Mon Apr 30 18:11:32 2018
elapsed time: 3766 seconds (0d 1h 2m 46s)

